<?xml version="1.0" encoding="UTF-8"?>
<!-- Generated by org.testng.reporters.JUnitXMLReporter -->
<testsuite ignored="0" hostname="DESKTOP-M9B6F7P" failures="0" tests="4" name="Command line test" time="0.124" errors="0" timestamp="2021-02-05T10:08:24 IST">
  <testcase classname="login.Test1" name="print1" time="0.007"/>
  <testcase classname="login.Test1" name="print2" time="0.001"/>
  <testcase classname="login.Test2" name="print3" time="0.001"/>
  <testcase classname="login.Test2" name="print4" time="0.0"/>
</testsuite> <!-- Command line test -->
