<?xml version="1.0" encoding="UTF-8"?>
<testng-results ignored="0" total="4" passed="4" failed="0" skipped="0">
  <reporter-output>
  </reporter-output>
  <suite started-at="2021-02-05T10:08:24 IST" name="Command line suite" finished-at="2021-02-05T10:08:24 IST" duration-ms="124">
    <groups>
    </groups>
    <test started-at="2021-02-05T10:08:24 IST" name="Command line test" finished-at="2021-02-05T10:08:24 IST" duration-ms="124">
      <class name="login.Test2">
        <test-method signature="print3()[pri:0, instance:login.Test2@6ec8211c]" started-at="2021-02-05T10:08:24 IST" name="print3" finished-at="2021-02-05T10:08:24 IST" duration-ms="1" status="PASS">
          <reporter-output>
          </reporter-output>
        </test-method> <!-- print3 -->
        <test-method signature="print4()[pri:0, instance:login.Test2@6ec8211c]" started-at="2021-02-05T10:08:24 IST" name="print4" finished-at="2021-02-05T10:08:24 IST" duration-ms="0" status="PASS">
          <reporter-output>
          </reporter-output>
        </test-method> <!-- print4 -->
      </class> <!-- login.Test2 -->
      <class name="login.Test1">
        <test-method signature="print1()[pri:0, instance:login.Test1@25bbf683]" started-at="2021-02-05T10:08:24 IST" name="print1" finished-at="2021-02-05T10:08:24 IST" duration-ms="7" status="PASS">
          <reporter-output>
          </reporter-output>
        </test-method> <!-- print1 -->
        <test-method signature="print2()[pri:0, instance:login.Test1@25bbf683]" started-at="2021-02-05T10:08:24 IST" name="print2" finished-at="2021-02-05T10:08:24 IST" duration-ms="1" status="PASS">
          <reporter-output>
          </reporter-output>
        </test-method> <!-- print2 -->
      </class> <!-- login.Test1 -->
    </test> <!-- Command line test -->
  </suite> <!-- Command line suite -->
</testng-results>
